<?xml version="1.0" encoding="UTF-8"?>
<!-- Generated by org.testng.reporters.JUnitReportReporter -->
<testsuite hostname="Predator" failures="0" tests="1" name="TestCases.UpcomingBikesTest" time="18.927" errors="0" timestamp="2022-03-27T00:25:33 IST" skipped="0">
  <testcase classname="TestCases.UpcomingBikesTest" name="upcomingBikesTest" time="18.927"/>
  <system-out/>
</testsuite> <!-- TestCases.UpcomingBikesTest -->
