<?xml version="1.0" encoding="UTF-8"?>
<!-- Generated by org.testng.reporters.JUnitReportReporter -->
<testsuite hostname="Predator" failures="0" tests="2" name="TestCases.LoginWithFacebookTestClass" time="43.123" errors="0" timestamp="2022-03-27T00:54:51 IST" skipped="0">
  <testcase classname="TestCases.LoginWithFacebookTestClass" name="FacebookLoginTest" time="27.837"/>
  <system-out/>
  <testcase classname="TestCases.LoginWithFacebookTestClass" name="FacebookLoginTest" time="15.286"/>
  <system-out/>
</testsuite> <!-- TestCases.LoginWithFacebookTestClass -->
