<?xml version="1.0" encoding="UTF-8"?>
<!-- Generated by org.testng.reporters.JUnitReportReporter -->
<testsuite hostname="Predator" failures="0" tests="1" name="TestCases.UpcomingBikesTest" time="17.773" errors="0" timestamp="24 Mar 2022 19:59:20 GMT" skipped="0">
  <testcase classname="TestCases.UpcomingBikesTest" name="upcomingBikesTest" time="17.773"/>
</testsuite> <!-- TestCases.UpcomingBikesTest -->
