<?xml version="1.0" encoding="UTF-8"?>
<!-- Generated by org.testng.reporters.JUnitReportReporter -->
<testsuite hostname="Predator" failures="0" tests="1" name="TestCases.UsedCarsTest" time="13.497" errors="0" timestamp="2022-03-27T00:25:33 IST" skipped="0">
  <testcase classname="TestCases.UsedCarsTest" name="usedCarsTest" time="13.497"/>
  <system-out/>
</testsuite> <!-- TestCases.UsedCarsTest -->
